Rprec                 	enwiki:ASME	0.9167
Rprec                 	enwiki:Activity%20theory	0.3333
Rprec                 	enwiki:Adverse%20possession	0.7333
Rprec                 	enwiki:Aerosol%20spray	0.6250
Rprec                 	enwiki:Amblyopia	0.8182
Rprec                 	enwiki:American%20Conservative%20Union	0.0588
Rprec                 	enwiki:Anesthesia%20awareness	0.6389
Rprec                 	enwiki:Atacama%20border%20dispute	0.3571
Rprec                 	enwiki:Australian%20Astronomical%20Observatory	0.2778
Rprec                 	enwiki:Autonomism	0.1316
Rprec                 	enwiki:Autophagy	0.8824
Rprec                 	enwiki:BBC%20Television%20Centre	0.7297
Rprec                 	enwiki:Bad%20Dudes%20Vs.%20DragonNinja	0.4706
Rprec                 	enwiki:Beta-Carboline	0.4286
Rprec                 	enwiki:Blackburn%20Skua	0.2308
Rprec                 	enwiki:Boston%20Terrier	0.4375
Rprec                 	enwiki:Brodie%20helmet	0.5789
Rprec                 	enwiki:Brush%20rabbit	0.9000
Rprec                 	enwiki:Bursatella%20leachii	0.3333
Rprec                 	enwiki:Canada%E2%80%93United%20States%20border	0.3023
Rprec                 	enwiki:Canadian%20Labour%20Congress	0.2500
Rprec                 	enwiki:Cancelled-to-order	0.0000
Rprec                 	enwiki:Cannon%20Street%20station	0.5385
Rprec                 	enwiki:Cardoon	0.7500
Rprec                 	enwiki:Carolinian%20language	0.6250
Rprec                 	enwiki:Castra	0.1846
Rprec                 	enwiki:Catholic%20views%20on%20God	0.2000
Rprec                 	enwiki:Censorship%20in%20the%20United%20Kingdom	0.2075
Rprec                 	enwiki:Ch%C3%A2teau%20Mouton%20Rothschild	0.3214
Rprec                 	enwiki:Chickamauga%20Dam	0.8462
Rprec                 	enwiki:Child%20Support%20Agency	0.2632
Rprec                 	enwiki:Church%20of%20St%20Mary%20the%20Great,%20Cambridge	0.0769
Rprec                 	enwiki:Cigna	0.8750
Rprec                 	enwiki:Clear%20Skies%20Act%20of%202003	0.2222
Rprec                 	enwiki:Collectivization%20in%20the%20Soviet%20Union	0.5000
Rprec                 	enwiki:Combat%20of%20the%20Thirty	0.1053
Rprec                 	enwiki:Common%20garter%20snake	0.0400
Rprec                 	enwiki:Communications%20Security%20Establishment	0.4688
Rprec                 	enwiki:Conjugate%20prior	0.3043
Rprec                 	enwiki:Contour%20line	0.5932
Rprec                 	enwiki:Coors%20Field	0.6000
Rprec                 	enwiki:Coromandel%20Coast	0.8571
Rprec                 	enwiki:Cottonseed%20oil	0.9167
Rprec                 	enwiki:Creep%20(deformation)	0.7500
Rprec                 	enwiki:Crypt%20of%20Civilization	0.7308
Rprec                 	enwiki:Culture%20of%20Cuba	0.0263
Rprec                 	enwiki:Culture%20of%20Haiti	0.0000
Rprec                 	enwiki:Cumberland%20sausage	0.8889
Rprec                 	enwiki:Cyclin	0.6250
Rprec                 	enwiki:Cytoplasmic%20streaming	0.8636
Rprec                 	enwiki:Data%20Protection%20Act%201998	0.1818
Rprec                 	enwiki:De%20La%20Salle%20Brothers	0.0417
Rprec                 	enwiki:Denehole	0.1667
Rprec                 	enwiki:Despotate%20of%20Epirus	0.3684
Rprec                 	enwiki:Dilated%20cardiomyopathy	0.4722
Rprec                 	enwiki:Disaster%20recovery	0.4211
Rprec                 	enwiki:Dorian%20invasion	0.4048
Rprec                 	enwiki:Duchy%20of%20Pomerania	0.3061
Rprec                 	enwiki:Economic%20model	0.2424
Rprec                 	enwiki:Election%20Assistance%20Commission	0.3929
Rprec                 	enwiki:Emona	0.8667
Rprec                 	enwiki:Enoyl%20CoA%20isomerase	0.8421
Rprec                 	enwiki:Entertainment%20Software%20Association	0.3333
Rprec                 	enwiki:Evaporative%20cooler	0.6724
Rprec                 	enwiki:Farm%20Security%20Administration	0.3810
Rprec                 	enwiki:Fast%20bowling	0.4429
Rprec                 	enwiki:Fast-neutron%20reactor	0.2500
Rprec                 	enwiki:Federal%20Open%20Market%20Committee	0.0435
Rprec                 	enwiki:Fin%20Fang%20Foom	0.7600
Rprec                 	enwiki:Finns	0.8000
Rprec                 	enwiki:Fisher%20King	0.7750
Rprec                 	enwiki:Food%20allergy	0.2632
Rprec                 	enwiki:Fusarium%20wilt	0.5000
Rprec                 	enwiki:GFA%20BASIC	0.9231
Rprec                 	enwiki:Gastrointestinal%20stromal%20tumor	0.1429
Rprec                 	enwiki:General%20will	0.0000
Rprec                 	enwiki:Generalized%20anxiety%20disorder	0.2308
Rprec                 	enwiki:German%20Aerospace%20Center	0.1277
Rprec                 	enwiki:Glocalization	0.4000
Rprec                 	enwiki:Goi%C3%A2nia%20accident	0.1951
Rprec                 	enwiki:Good%20manufacturing%20practice	0.0000
Rprec                 	enwiki:Gorges%20State%20Park	0.8571
Rprec                 	enwiki:Gorsedd	0.7857
Rprec                 	enwiki:Great%20Falls%20(Passaic%20River)	0.0000
Rprec                 	enwiki:Greek%20tragedy	0.1875
Rprec                 	enwiki:Habituation	0.9600
Rprec                 	enwiki:Harpsichord%20concerto	0.8571
Rprec                 	enwiki:Hog-dog%20rodeo	0.1667
Rprec                 	enwiki:Hubbert%20peak%20theory	0.3750
Rprec                 	enwiki:Hydrocarbon%20exploration	0.3846
Rprec                 	enwiki:IBM%20Monochrome%20Display%20Adapter	0.0909
Rprec                 	enwiki:Infield%20fly%20rule	0.7500
Rprec                 	enwiki:Iron%20gall%20ink	0.4500
Rprec                 	enwiki:Ironbound	0.7273
Rprec                 	enwiki:Isola%20del%20Giglio	0.2308
Rprec                 	enwiki:Jewish%20Museum,%20Berlin	0.8000
Rprec                 	enwiki:KDNL-TV	0.5455
Rprec                 	enwiki:Key%20management	0.3000
Rprec                 	enwiki:Khattak	0.4706
Rprec                 	enwiki:Kubrick%20(toy)	0.5455
Rprec                 	enwiki:Kulning	0.7500
Rprec                 	enwiki:Late%20Cretaceous	0.0000
Rprec                 	enwiki:Late%20harvest%20wine	0.0909
Rprec                 	enwiki:LinuxChix	0.8889
Rprec                 	enwiki:Lord%20of%20the%20manor	0.5000
Rprec                 	enwiki:Lowell%20Observatory%20Near-Earth-Object%20Search	0.2500
Rprec                 	enwiki:Lucky%20Spencer	0.9091
Rprec                 	enwiki:MS-06%20Zaku%20II	0.4444
Rprec                 	enwiki:Magnetic%20bearing	0.4762
Rprec                 	enwiki:Magyar%20Telekom	0.8889
Rprec                 	enwiki:Manned%20Orbiting%20Laboratory	0.2941
Rprec                 	enwiki:Marsh%20tit	0.7727
Rprec                 	enwiki:McGillicuddy%20Serious%20Party	0.3333
Rprec                 	enwiki:Merchant%20aircraft%20carrier	0.4074
Rprec                 	enwiki:Metrolink%20(California)	0.7500
Rprec                 	enwiki:Micro%20Instrumentation%20and%20Telemetry%20Systems	0.0727
Rprec                 	enwiki:Micropezidae	0.0833
Rprec                 	enwiki:Miko	0.6923
Rprec                 	enwiki:Moment%20magnitude%20scale	0.3913
Rprec                 	enwiki:Montferrat	0.5625
Rprec                 	enwiki:Mycotoxin	0.4643
Rprec                 	enwiki:Narmada%20River	0.6034
Rprec                 	enwiki:Nebulizer	0.7273
Rprec                 	enwiki:Neuroethology	0.7500
Rprec                 	enwiki:New%20England%20Conservatory%20of%20Music	0.0000
Rprec                 	enwiki:New%20institutionalism	0.0000
Rprec                 	enwiki:Nickeline	0.7333
Rprec                 	enwiki:Nonperson	0.6000
Rprec                 	enwiki:Oil%20Pollution%20Act%20of%201990	0.3214
Rprec                 	enwiki:Opium%20production%20in%20Afghanistan	0.6957
Rprec                 	enwiki:Order%20of%20Our%20Lady%20of%20the%20Good%20Death	0.0000
Rprec                 	enwiki:Oregon%20Petition	0.3571
Rprec                 	enwiki:P-500%20Bazalt	0.0000
Rprec                 	enwiki:PPG%2016	0.9167
Rprec                 	enwiki:Paget's%20disease%20of%20bone	0.8571
Rprec                 	enwiki:Paleolithic%20diet	0.5000
Rprec                 	enwiki:Parathyroid%20chief%20cell	0.7143
Rprec                 	enwiki:Parkes%20Observatory	0.4074
Rprec                 	enwiki:Passaic%20River	0.7500
Rprec                 	enwiki:Persistent%20data%20structure	0.2000
Rprec                 	enwiki:Personality%20test	0.8065
Rprec                 	enwiki:Plok	0.8333
Rprec                 	enwiki:Pok%C3%A9mon%20Puzzle%20League	0.8000
Rprec                 	enwiki:Polarization%20(politics)	0.8936
Rprec                 	enwiki:Political%20status%20of%20Transnistria	0.0435
Rprec                 	enwiki:Porto%20Digital	0.6429
Rprec                 	enwiki:Power%20nap	0.0000
Rprec                 	enwiki:Pranayama	0.3125
Rprec                 	enwiki:Quilombo	0.3889
Rprec                 	enwiki:Recovery-oriented%20computing	0.0000
Rprec                 	enwiki:Rosarito%20Beach	0.6562
Rprec                 	enwiki:Royal%20Irish%20Academy	0.1111
Rprec                 	enwiki:SETI%20Institute	0.8333
Rprec                 	enwiki:SG-1000	0.5455
Rprec                 	enwiki:Salmon%20River%20(Idaho)	0.7647
Rprec                 	enwiki:Saponin	0.2222
Rprec                 	enwiki:Sargasso%20Sea	0.8667
Rprec                 	enwiki:Schneider%20CA1	0.8298
Rprec                 	enwiki:School%20bus	0.4677
Rprec                 	enwiki:Shaniwar%20Wada	0.1667
Rprec                 	enwiki:Shape-memory%20alloy	0.5745
Rprec                 	enwiki:Sinharaja%20Forest%20Reserve	0.2143
Rprec                 	enwiki:Six-man%20football	0.8276
Rprec                 	enwiki:Skyglow	0.5789
Rprec                 	enwiki:Slow%20cooker	0.4286
Rprec                 	enwiki:Space%20Shuttle%20external%20tank	0.1579
Rprec                 	enwiki:Sprint%20car%20racing	0.8333
Rprec                 	enwiki:Spur	0.6522
Rprec                 	enwiki:St.%20Xavier's%20Institution	0.1860
Rprec                 	enwiki:Strategic%20Army%20Corps	0.1818
Rprec                 	enwiki:Strategic%20Offensive%20Reductions%20Treaty	0.1250
Rprec                 	enwiki:Structural%20information%20theory	0.0667
Rprec                 	enwiki:Symphony%20No.%201%20(Beethoven)	0.5385
Rprec                 	enwiki:Technical%20support	0.2308
Rprec                 	enwiki:Television%20set	0.2222
Rprec                 	enwiki:Tempel%201	0.7273
Rprec                 	enwiki:Third%20Treaty%20of%20San%20Ildefonso	0.0000
Rprec                 	enwiki:Trap-neuter-return	0.1864
Rprec                 	enwiki:Treadmill	0.4194
Rprec                 	enwiki:Trekboer	0.1818
Rprec                 	enwiki:Triptan	0.0714
Rprec                 	enwiki:Troglitazone	0.7273
Rprec                 	enwiki:Tunnel%20magnetoresistance	0.2683
Rprec                 	enwiki:Urban%20forestry	0.4286
Rprec                 	enwiki:Vajont%20Dam	0.2143
Rprec                 	enwiki:Voltage%20regulation	0.7917
Rprec                 	enwiki:Walla%20Walla%20River	0.8462
Rprec                 	enwiki:Web%20standards	0.3333
Rprec                 	enwiki:Whale%20vocalization	0.6000
Rprec                 	enwiki:Whiteleg%20shrimp	0.5000
Rprec                 	enwiki:Wing%20(military%20aviation%20unit)	0.5455
Rprec                 	enwiki:Wobble%20base%20pair	0.6667
Rprec                 	enwiki:Wolfpack%20(naval%20tactic)	0.5556
Rprec                 	enwiki:Women's%20health	0.3889
Rprec                 	enwiki:Woodgrange%20Park%20railway%20station	0.2500
Rprec                 	enwiki:Workers'%20Commissions	0.0526
Rprec                 	enwiki:Zang-fu	0.0000
Rprec                 	all	0.4526
