./trec_eval -q -m all_trec train.pages.cbor-article.qrels custom.runfile | grep -w "ndcg_cut_20" > custom.ndcg20.out

ndcg_cut_20           	enwiki:ASME	0.9469
ndcg_cut_20           	enwiki:Activity%20theory	0.9242
ndcg_cut_20           	enwiki:Adverse%20possession	1.0000
ndcg_cut_20           	enwiki:Aerosol%20spray	0.7571
ndcg_cut_20           	enwiki:Amblyopia	1.0000
ndcg_cut_20           	enwiki:American%20Conservative%20Union	0.0789
ndcg_cut_20           	enwiki:Anesthesia%20awareness	1.0000
ndcg_cut_20           	enwiki:Atacama%20border%20dispute	0.5254
ndcg_cut_20           	enwiki:Australian%20Astronomical%20Observatory	0.3866
ndcg_cut_20           	enwiki:Autonomism	0.4188
ndcg_cut_20           	enwiki:Autophagy	1.0000
ndcg_cut_20           	enwiki:BBC%20Television%20Centre	0.8504
ndcg_cut_20           	enwiki:Bad%20Dudes%20Vs.%20DragonNinja	0.7495
ndcg_cut_20           	enwiki:Beta-Carboline	0.5819
ndcg_cut_20           	enwiki:Blackburn%20Skua	0.3979
ndcg_cut_20           	enwiki:Boston%20Terrier	0.7296
ndcg_cut_20           	enwiki:Brodie%20helmet	0.7079
ndcg_cut_20           	enwiki:Brush%20rabbit	0.9306
ndcg_cut_20           	enwiki:Bursatella%20leachii	0.4935
ndcg_cut_20           	enwiki:Canada%E2%80%93United%20States%20border	0.4821
ndcg_cut_20           	enwiki:Canadian%20Labour%20Congress	0.3626
ndcg_cut_20           	enwiki:Cancelled-to-order	0.3812
ndcg_cut_20           	enwiki:Cannon%20Street%20station	0.5890
ndcg_cut_20           	enwiki:Cardoon	0.8325
ndcg_cut_20           	enwiki:Carolinian%20language	1.0000
ndcg_cut_20           	enwiki:Castra	0.7234
ndcg_cut_20           	enwiki:Catholic%20views%20on%20God	0.1397
ndcg_cut_20           	enwiki:Censorship%20in%20the%20United%20Kingdom	0.6850
ndcg_cut_20           	enwiki:Ch%C3%A2teau%20Mouton%20Rothschild	0.5904
ndcg_cut_20           	enwiki:Chickamauga%20Dam	0.9005
ndcg_cut_20           	enwiki:Child%20Support%20Agency	0.3679
ndcg_cut_20           	enwiki:Church%20of%20St%20Mary%20the%20Great,%20Cambridge	0.2491
ndcg_cut_20           	enwiki:Cigna	1.0000
ndcg_cut_20           	enwiki:Clear%20Skies%20Act%20of%202003	0.3018
ndcg_cut_20           	enwiki:Collectivization%20in%20the%20Soviet%20Union	1.0000
ndcg_cut_20           	enwiki:Combat%20of%20the%20Thirty	0.2726
ndcg_cut_20           	enwiki:Common%20garter%20snake	0.1955
ndcg_cut_20           	enwiki:Communications%20Security%20Establishment	0.6218
ndcg_cut_20           	enwiki:Conjugate%20prior	0.7898
ndcg_cut_20           	enwiki:Contour%20line	1.0000
ndcg_cut_20           	enwiki:Coors%20Field	0.9348
ndcg_cut_20           	enwiki:Coromandel%20Coast	0.9348
ndcg_cut_20           	enwiki:Cottonseed%20oil	0.9409
ndcg_cut_20           	enwiki:Creep%20(deformation)	0.9616
ndcg_cut_20           	enwiki:Crypt%20of%20Civilization	0.9677
ndcg_cut_20           	enwiki:Culture%20of%20Cuba	0.0000
ndcg_cut_20           	enwiki:Culture%20of%20Haiti	0.1420
ndcg_cut_20           	enwiki:Cumberland%20sausage	0.9292
ndcg_cut_20           	enwiki:Cyclin	0.7441
ndcg_cut_20           	enwiki:Cytoplasmic%20streaming	0.9263
ndcg_cut_20           	enwiki:Data%20Protection%20Act%201998	0.4871
ndcg_cut_20           	enwiki:De%20La%20Salle%20Brothers	0.1768
ndcg_cut_20           	enwiki:Denehole	0.3202
ndcg_cut_20           	enwiki:Despotate%20of%20Epirus	0.5340
ndcg_cut_20           	enwiki:Dilated%20cardiomyopathy	0.9014
ndcg_cut_20           	enwiki:Disaster%20recovery	0.6976
ndcg_cut_20           	enwiki:Dorian%20invasion	0.9014
ndcg_cut_20           	enwiki:Duchy%20of%20Pomerania	0.7663
ndcg_cut_20           	enwiki:Economic%20model	0.5727
ndcg_cut_20           	enwiki:Election%20Assistance%20Commission	0.5384
ndcg_cut_20           	enwiki:Emona	0.9137
ndcg_cut_20           	enwiki:Enoyl%20CoA%20isomerase	0.8963
ndcg_cut_20           	enwiki:Entertainment%20Software%20Association	0.5283
ndcg_cut_20           	enwiki:Evaporative%20cooler	1.0000
ndcg_cut_20           	enwiki:Farm%20Security%20Administration	0.4245
ndcg_cut_20           	enwiki:Fast%20bowling	0.6649
ndcg_cut_20           	enwiki:Fast-neutron%20reactor	0.5463
ndcg_cut_20           	enwiki:Federal%20Open%20Market%20Committee	0.2582
ndcg_cut_20           	enwiki:Fin%20Fang%20Foom	0.9666
ndcg_cut_20           	enwiki:Finns	1.0000
ndcg_cut_20           	enwiki:Fisher%20King	1.0000
ndcg_cut_20           	enwiki:Food%20allergy	0.6323
ndcg_cut_20           	enwiki:Fusarium%20wilt	0.6711
ndcg_cut_20           	enwiki:GFA%20BASIC	0.9510
ndcg_cut_20           	enwiki:Gastrointestinal%20stromal%20tumor	0.3850
ndcg_cut_20           	enwiki:General%20will	0.3312
ndcg_cut_20           	enwiki:Generalized%20anxiety%20disorder	0.6450
ndcg_cut_20           	enwiki:German%20Aerospace%20Center	0.2515
ndcg_cut_20           	enwiki:Glocalization	0.5638
ndcg_cut_20           	enwiki:Goi%C3%A2nia%20accident	0.5616
ndcg_cut_20           	enwiki:Good%20manufacturing%20practice	0.3296
ndcg_cut_20           	enwiki:Gorges%20State%20Park	0.9076
ndcg_cut_20           	enwiki:Gorsedd	0.8594
ndcg_cut_20           	enwiki:Great%20Falls%20(Passaic%20River)	0.2711
ndcg_cut_20           	enwiki:Greek%20tragedy	0.1672
ndcg_cut_20           	enwiki:Habituation	1.0000
ndcg_cut_20           	enwiki:Harpsichord%20concerto	0.9084
ndcg_cut_20           	enwiki:Hog-dog%20rodeo	0.9472
ndcg_cut_20           	enwiki:Hubbert%20peak%20theory	1.0000
ndcg_cut_20           	enwiki:Hydrocarbon%20exploration	0.5367
ndcg_cut_20           	enwiki:IBM%20Monochrome%20Display%20Adapter	0.1308
ndcg_cut_20           	enwiki:Infield%20fly%20rule	1.0000
ndcg_cut_20           	enwiki:Iron%20gall%20ink	0.6997
ndcg_cut_20           	enwiki:Ironbound	0.8630
ndcg_cut_20           	enwiki:Isola%20del%20Giglio	0.3979
ndcg_cut_20           	enwiki:Jewish%20Museum,%20Berlin	0.8599
ndcg_cut_20           	enwiki:KDNL-TV	0.8467
ndcg_cut_20           	enwiki:Key%20management	0.7316
ndcg_cut_20           	enwiki:Khattak	0.8673
ndcg_cut_20           	enwiki:Kubrick%20(toy)	0.6853
ndcg_cut_20           	enwiki:Kulning	0.8359
ndcg_cut_20           	enwiki:Late%20Cretaceous	0.0000
ndcg_cut_20           	enwiki:Late%20harvest%20wine	0.3389
ndcg_cut_20           	enwiki:LinuxChix	0.9292
ndcg_cut_20           	enwiki:Lord%20of%20the%20manor	0.6666
ndcg_cut_20           	enwiki:Lowell%20Observatory%20Near-Earth-Object%20Search	0.4184
ndcg_cut_20           	enwiki:Lucky%20Spencer	1.0000
ndcg_cut_20           	enwiki:MS-06%20Zaku%20II	1.0000
ndcg_cut_20           	enwiki:Magnetic%20bearing	0.7071
ndcg_cut_20           	enwiki:Magyar%20Telekom	0.9292
ndcg_cut_20           	enwiki:Manned%20Orbiting%20Laboratory	0.3359
ndcg_cut_20           	enwiki:Marsh%20tit	0.8166
ndcg_cut_20           	enwiki:McGillicuddy%20Serious%20Party	0.5167
ndcg_cut_20           	enwiki:Merchant%20aircraft%20carrier	0.6728
ndcg_cut_20           	enwiki:Metrolink%20(California)	1.0000
ndcg_cut_20           	enwiki:Micro%20Instrumentation%20and%20Telemetry%20Systems	0.2086
ndcg_cut_20           	enwiki:Micropezidae	0.1964
ndcg_cut_20           	enwiki:Miko	0.9348
ndcg_cut_20           	enwiki:Moment%20magnitude%20scale	0.8834
ndcg_cut_20           	enwiki:Montferrat	0.6858
ndcg_cut_20           	enwiki:Mycotoxin	0.7607
ndcg_cut_20           	enwiki:Narmada%20River	1.0000
ndcg_cut_20           	enwiki:Nebulizer	0.8673
ndcg_cut_20           	enwiki:Neuroethology	0.9348
ndcg_cut_20           	enwiki:New%20England%20Conservatory%20of%20Music	0.0000
ndcg_cut_20           	enwiki:New%20institutionalism	0.0771
ndcg_cut_20           	enwiki:Nickeline	0.8228
ndcg_cut_20           	enwiki:Nonperson	0.7259
ndcg_cut_20           	enwiki:Oil%20Pollution%20Act%20of%201990	0.5027
ndcg_cut_20           	enwiki:Opium%20production%20in%20Afghanistan	1.0000
ndcg_cut_20           	enwiki:Order%20of%20Our%20Lady%20of%20the%20Good%20Death	0.0000
ndcg_cut_20           	enwiki:Oregon%20Petition	0.3407
ndcg_cut_20           	enwiki:P-500%20Bazalt	0.6625
ndcg_cut_20           	enwiki:PPG%2016	0.9469
ndcg_cut_20           	enwiki:Paget's%20disease%20of%20bone	1.0000
ndcg_cut_20           	enwiki:Paleolithic%20diet	0.6850
ndcg_cut_20           	enwiki:Parathyroid%20chief%20cell	0.8097
ndcg_cut_20           	enwiki:Parkes%20Observatory	0.6524
ndcg_cut_20           	enwiki:Passaic%20River	0.8258
ndcg_cut_20           	enwiki:Persistent%20data%20structure	0.5477
ndcg_cut_20           	enwiki:Personality%20test	0.9280
ndcg_cut_20           	enwiki:Plok	0.8922
ndcg_cut_20           	enwiki:Pok%C3%A9mon%20Puzzle%20League	0.8701
ndcg_cut_20           	enwiki:Polarization%20(politics)	1.0000
ndcg_cut_20           	enwiki:Political%20status%20of%20Transnistria	0.0000
ndcg_cut_20           	enwiki:Porto%20Digital	0.7535
ndcg_cut_20           	enwiki:Power%20nap	0.2012
ndcg_cut_20           	enwiki:Pranayama	0.4829
ndcg_cut_20           	enwiki:Quilombo	0.5501
ndcg_cut_20           	enwiki:Recovery-oriented%20computing	0.2664
ndcg_cut_20           	enwiki:Rosarito%20Beach	1.0000
ndcg_cut_20           	enwiki:Royal%20Irish%20Academy	0.0939
ndcg_cut_20           	enwiki:SETI%20Institute	0.8922
ndcg_cut_20           	enwiki:SG-1000	0.9877
ndcg_cut_20           	enwiki:Salmon%20River%20(Idaho)	0.9140
ndcg_cut_20           	enwiki:Saponin	0.3892
ndcg_cut_20           	enwiki:Sargasso%20Sea	0.9137
ndcg_cut_20           	enwiki:Schneider%20CA1	1.0000
ndcg_cut_20           	enwiki:School%20bus	0.6602
ndcg_cut_20           	enwiki:Shaniwar%20Wada	0.3238
ndcg_cut_20           	enwiki:Shape-memory%20alloy	0.9124
ndcg_cut_20           	enwiki:Sinharaja%20Forest%20Reserve	0.3798
ndcg_cut_20           	enwiki:Six-man%20football	0.9261
ndcg_cut_20           	enwiki:Skyglow	0.7079
ndcg_cut_20           	enwiki:Slow%20cooker	0.5835
ndcg_cut_20           	enwiki:Space%20Shuttle%20external%20tank	0.0824
ndcg_cut_20           	enwiki:Sprint%20car%20racing	1.0000
ndcg_cut_20           	enwiki:Spur	0.8318
ndcg_cut_20           	enwiki:St.%20Xavier's%20Institution	0.0977
ndcg_cut_20           	enwiki:Strategic%20Army%20Corps	0.1203
ndcg_cut_20           	enwiki:Strategic%20Offensive%20Reductions%20Treaty	0.2529
ndcg_cut_20           	enwiki:Structural%20information%20theory	0.0514
ndcg_cut_20           	enwiki:Symphony%20No.%201%20(Beethoven)	0.6103
ndcg_cut_20           	enwiki:Technical%20support	0.5255
ndcg_cut_20           	enwiki:Television%20set	0.3517
ndcg_cut_20           	enwiki:Tempel%201	0.8198
ndcg_cut_20           	enwiki:Third%20Treaty%20of%20San%20Ildefonso	0.0000
ndcg_cut_20           	enwiki:Trap-neuter-return	0.5705
ndcg_cut_20           	enwiki:Treadmill	0.7607
ndcg_cut_20           	enwiki:Trekboer	0.3382
ndcg_cut_20           	enwiki:Triptan	0.2317
ndcg_cut_20           	enwiki:Troglitazone	0.8198
ndcg_cut_20           	enwiki:Tunnel%20magnetoresistance	0.6676
ndcg_cut_20           	enwiki:Urban%20forestry	0.7551
ndcg_cut_20           	enwiki:Vajont%20Dam	0.6043
ndcg_cut_20           	enwiki:Voltage%20regulation	0.8993
ndcg_cut_20           	enwiki:Walla%20Walla%20River	0.9005
ndcg_cut_20           	enwiki:Web%20standards	0.7379
ndcg_cut_20           	enwiki:Whale%20vocalization	0.9280
ndcg_cut_20           	enwiki:Whiteleg%20shrimp	0.6448
ndcg_cut_20           	enwiki:Wing%20(military%20aviation%20unit)	0.8160
ndcg_cut_20           	enwiki:Wobble%20base%20pair	0.7767
ndcg_cut_20           	enwiki:Wolfpack%20(naval%20tactic)	0.6930
ndcg_cut_20           	enwiki:Women's%20health	0.8604
ndcg_cut_20           	enwiki:Woodgrange%20Park%20railway%20station	0.4125
ndcg_cut_20           	enwiki:Workers'%20Commissions	0.1245
ndcg_cut_20           	enwiki:Zang-fu	0.0000
ndcg_cut_20           	all	0.6431
