map                   	all	0.4631
gm_map                	all	0.2779
Rprec                 	all	0.4881
Rprec_mult_0.20       	all	0.7731
Rprec_mult_0.40       	all	0.7047
Rprec_mult_0.60       	all	0.6373
Rprec_mult_0.80       	all	0.5615
Rprec_mult_1.00       	all	0.4881
Rprec_mult_1.20       	all	0.4099
Rprec_mult_1.40       	all	0.3578
Rprec_mult_1.60       	all	0.3170
Rprec_mult_1.80       	all	0.2859
Rprec_mult_2.00       	all	0.2631
ndcg                  	all	0.5982
ndcg_rel              	all	0.6788
Rndcg                 	all	0.5819
ndcg_cut_5            	all	0.7655
ndcg_cut_10           	all	0.7116
ndcg_cut_15           	all	0.6654
ndcg_cut_20           	all	0.6399
ndcg_cut_30           	all	0.6101
ndcg_cut_100          	all	0.5988
ndcg_cut_200          	all	0.5982
ndcg_cut_500          	all	0.5982
ndcg_cut_1000         	all	0.5982
map_cut_5             	all	0.1893
map_cut_10            	all	0.3113
map_cut_15            	all	0.3722
map_cut_20            	all	0.4106
map_cut_30            	all	0.4431
map_cut_100           	all	0.4631
map_cut_200           	all	0.4631
map_cut_500           	all	0.4631
map_cut_1000          	all	0.4631
set_map               	all	0.4006
