map                   	all	0.4795
gm_map                	all	0.3045
Rprec                 	all	0.5011
Rprec_mult_0.20       	all	0.7979
Rprec_mult_0.40       	all	0.7291
Rprec_mult_0.60       	all	0.6564
Rprec_mult_0.80       	all	0.5810
Rprec_mult_1.00       	all	0.5011
Rprec_mult_1.20       	all	0.4206
Rprec_mult_1.40       	all	0.3676
Rprec_mult_1.60       	all	0.3255
Rprec_mult_1.80       	all	0.2925
Rprec_mult_2.00       	all	0.2682
ndcg                  	all	0.6111
ndcg_rel              	all	0.6979
Rndcg                 	all	0.5974
ndcg_cut_5            	all	0.7878
ndcg_cut_10           	all	0.7337
ndcg_cut_15           	all	0.6882
ndcg_cut_20           	all	0.6609
ndcg_cut_30           	all	0.6285
ndcg_cut_100          	all	0.6117
ndcg_cut_200          	all	0.6111
ndcg_cut_500          	all	0.6111
ndcg_cut_1000         	all	0.6111
map_cut_5             	all	0.1961
map_cut_10            	all	0.3226
map_cut_15            	all	0.3888
map_cut_20            	all	0.4287
map_cut_30            	all	0.4606
map_cut_100           	all	0.4795
map_cut_200           	all	0.4795
map_cut_500           	all	0.4795
map_cut_1000          	all	0.4795
set_map               	all	0.4015
