map                   	enwiki:ASME	0.9167
map                   	enwiki:Activity%20theory	0.3108
map                   	enwiki:Adverse%20possession	0.5840
map                   	enwiki:Aerosol%20spray	0.4898
map                   	enwiki:Amblyopia	0.8182
map                   	enwiki:American%20Conservative%20Union	0.0025
map                   	enwiki:Anesthesia%20awareness	0.6179
map                   	enwiki:Atacama%20border%20dispute	0.3571
map                   	enwiki:Australian%20Astronomical%20Observatory	0.1156
map                   	enwiki:Autonomism	0.1316
map                   	enwiki:Autophagy	0.8824
map                   	enwiki:BBC%20Television%20Centre	0.6224
map                   	enwiki:Bad%20Dudes%20Vs.%20DragonNinja	0.3606
map                   	enwiki:Beta-Carboline	0.3835
map                   	enwiki:Blackburn%20Skua	0.2308
map                   	enwiki:Boston%20Terrier	0.4006
map                   	enwiki:Brodie%20helmet	0.5789
map                   	enwiki:Brush%20rabbit	0.8664
map                   	enwiki:Bursatella%20leachii	0.3333
map                   	enwiki:Canada%E2%80%93United%20States%20border	0.0788
map                   	enwiki:Canadian%20Labour%20Congress	0.1813
map                   	enwiki:Cancelled-to-order	0.0650
map                   	enwiki:Cannon%20Street%20station	0.2264
map                   	enwiki:Cardoon	0.7500
map                   	enwiki:Carolinian%20language	0.6250
map                   	enwiki:Castra	0.1846
map                   	enwiki:Catholic%20views%20on%20God	0.0954
map                   	enwiki:Censorship%20in%20the%20United%20Kingdom	0.2075
map                   	enwiki:Ch%C3%A2teau%20Mouton%20Rothschild	0.3094
map                   	enwiki:Chickamauga%20Dam	0.8462
map                   	enwiki:Child%20Support%20Agency	0.0826
map                   	enwiki:Church%20of%20St%20Mary%20the%20Great,%20Cambridge	0.0893
map                   	enwiki:Cigna	0.8750
map                   	enwiki:Clear%20Skies%20Act%20of%202003	0.0701
map                   	enwiki:Collectivization%20in%20the%20Soviet%20Union	0.5000
map                   	enwiki:Combat%20of%20the%20Thirty	0.0785
map                   	enwiki:Common%20garter%20snake	0.0066
map                   	enwiki:Communications%20Security%20Establishment	0.2265
map                   	enwiki:Conjugate%20prior	0.2648
map                   	enwiki:Contour%20line	0.5665
map                   	enwiki:Coors%20Field	0.6000
map                   	enwiki:Coromandel%20Coast	0.8571
map                   	enwiki:Cottonseed%20oil	0.8622
map                   	enwiki:Creep%20(deformation)	0.7413
map                   	enwiki:Crypt%20of%20Civilization	0.7308
map                   	enwiki:Culture%20of%20Cuba	0.0006
map                   	enwiki:Culture%20of%20Haiti	0.0016
map                   	enwiki:Cumberland%20sausage	0.8889
map                   	enwiki:Cyclin	0.6250
map                   	enwiki:Cytoplasmic%20streaming	0.8304
map                   	enwiki:Data%20Protection%20Act%201998	0.0426
map                   	enwiki:De%20La%20Salle%20Brothers	0.0471
map                   	enwiki:Denehole	0.1667
map                   	enwiki:Despotate%20of%20Epirus	0.3684
map                   	enwiki:Dilated%20cardiomyopathy	0.4722
map                   	enwiki:Disaster%20recovery	0.3524
map                   	enwiki:Dorian%20invasion	0.4048
map                   	enwiki:Duchy%20of%20Pomerania	0.2368
map                   	enwiki:Economic%20model	0.1397
map                   	enwiki:Election%20Assistance%20Commission	0.1560
map                   	enwiki:Emona	0.8667
map                   	enwiki:Enoyl%20CoA%20isomerase	0.8421
map                   	enwiki:Entertainment%20Software%20Association	0.0772
map                   	enwiki:Evaporative%20cooler	0.6724
map                   	enwiki:Farm%20Security%20Administration	0.2014
map                   	enwiki:Fast%20bowling	0.2450
map                   	enwiki:Fast-neutron%20reactor	0.4525
map                   	enwiki:Federal%20Open%20Market%20Committee	0.0357
map                   	enwiki:Fin%20Fang%20Foom	0.7198
map                   	enwiki:Finns	0.8000
map                   	enwiki:Fisher%20King	0.7490
map                   	enwiki:Food%20allergy	0.1223
map                   	enwiki:Fusarium%20wilt	0.4626
map                   	enwiki:GFA%20BASIC	0.9231
map                   	enwiki:Gastrointestinal%20stromal%20tumor	0.0899
map                   	enwiki:General%20will	0.0222
map                   	enwiki:Generalized%20anxiety%20disorder	0.1948
map                   	enwiki:German%20Aerospace%20Center	0.0330
map                   	enwiki:Glocalization	0.4000
map                   	enwiki:Goi%C3%A2nia%20accident	0.1951
map                   	enwiki:Good%20manufacturing%20practice	0.0288
map                   	enwiki:Gorges%20State%20Park	0.8571
map                   	enwiki:Gorsedd	0.7857
map                   	enwiki:Great%20Falls%20(Passaic%20River)	0.0390
map                   	enwiki:Greek%20tragedy	0.0402
map                   	enwiki:Habituation	0.9495
map                   	enwiki:Harpsichord%20concerto	0.8571
map                   	enwiki:Hog-dog%20rodeo	0.4896
map                   	enwiki:Hubbert%20peak%20theory	0.3750
map                   	enwiki:Hydrocarbon%20exploration	0.3846
map                   	enwiki:IBM%20Monochrome%20Display%20Adapter	0.0455
map                   	enwiki:Infield%20fly%20rule	0.7500
map                   	enwiki:Iron%20gall%20ink	0.5034
map                   	enwiki:Ironbound	0.7187
map                   	enwiki:Isola%20del%20Giglio	0.2308
map                   	enwiki:Jewish%20Museum,%20Berlin	0.7171
map                   	enwiki:KDNL-TV	0.7369
map                   	enwiki:Key%20management	0.3263
map                   	enwiki:Khattak	0.4706
map                   	enwiki:Kubrick%20(toy)	0.5455
map                   	enwiki:Kulning	0.7500
map                   	enwiki:Late%20Cretaceous	0.0007
map                   	enwiki:Late%20harvest%20wine	0.0091
map                   	enwiki:LinuxChix	0.8889
map                   	enwiki:Lord%20of%20the%20manor	0.3433
map                   	enwiki:Lowell%20Observatory%20Near-Earth-Object%20Search	0.2500
map                   	enwiki:Lucky%20Spencer	0.9071
map                   	enwiki:MS-06%20Zaku%20II	0.4305
map                   	enwiki:Magnetic%20bearing	0.6077
map                   	enwiki:Magyar%20Telekom	0.8889
map                   	enwiki:Manned%20Orbiting%20Laboratory	0.0814
map                   	enwiki:Marsh%20tit	0.5219
map                   	enwiki:McGillicuddy%20Serious%20Party	0.3333
map                   	enwiki:Merchant%20aircraft%20carrier	0.3931
map                   	enwiki:Metrolink%20(California)	0.7500
map                   	enwiki:Micro%20Instrumentation%20and%20Telemetry%20Systems	0.0301
map                   	enwiki:Micropezidae	0.0833
map                   	enwiki:Miko	0.6923
map                   	enwiki:Moment%20magnitude%20scale	0.2572
map                   	enwiki:Montferrat	0.4631
map                   	enwiki:Mycotoxin	0.4643
map                   	enwiki:Narmada%20River	0.6034
map                   	enwiki:Nebulizer	0.7273
map                   	enwiki:Neuroethology	0.7500
map                   	enwiki:New%20England%20Conservatory%20of%20Music	0.0037
map                   	enwiki:New%20institutionalism	0.0083
map                   	enwiki:Nickeline	0.7333
map                   	enwiki:Nonperson	0.6000
map                   	enwiki:Oil%20Pollution%20Act%20of%201990	0.3520
map                   	enwiki:Opium%20production%20in%20Afghanistan	0.6957
map                   	enwiki:Order%20of%20Our%20Lady%20of%20the%20Good%20Death	0.0005
map                   	enwiki:Oregon%20Petition	0.1570
map                   	enwiki:P-500%20Bazalt	0.1613
map                   	enwiki:PPG%2016	0.9167
map                   	enwiki:Paget's%20disease%20of%20bone	0.8571
map                   	enwiki:Paleolithic%20diet	0.5000
map                   	enwiki:Parathyroid%20chief%20cell	0.7143
map                   	enwiki:Parkes%20Observatory	0.3832
map                   	enwiki:Passaic%20River	0.6809
map                   	enwiki:Persistent%20data%20structure	0.1469
map                   	enwiki:Personality%20test	0.6336
map                   	enwiki:Plok	0.8333
map                   	enwiki:Pok%C3%A9mon%20Puzzle%20League	0.8000
map                   	enwiki:Polarization%20(politics)	0.8847
map                   	enwiki:Political%20status%20of%20Transnistria	0.0038
map                   	enwiki:Porto%20Digital	0.5603
map                   	enwiki:Power%20nap	0.0156
map                   	enwiki:Pranayama	0.3125
map                   	enwiki:Quilombo	0.3397
map                   	enwiki:Recovery-oriented%20computing	0.0526
map                   	enwiki:Rosarito%20Beach	0.6562
map                   	enwiki:Royal%20Irish%20Academy	0.0275
map                   	enwiki:SETI%20Institute	0.8333
map                   	enwiki:SG-1000	0.7880
map                   	enwiki:Salmon%20River%20(Idaho)	0.6849
map                   	enwiki:Saponin	0.2222
map                   	enwiki:Sargasso%20Sea	0.8667
map                   	enwiki:Schneider%20CA1	0.8298
map                   	enwiki:School%20bus	0.2961
map                   	enwiki:Shaniwar%20Wada	0.1667
map                   	enwiki:Shape-memory%20alloy	0.3258
map                   	enwiki:Sinharaja%20Forest%20Reserve	0.2143
map                   	enwiki:Six-man%20football	0.1926
map                   	enwiki:Skyglow	0.5789
map                   	enwiki:Slow%20cooker	0.3098
map                   	enwiki:Space%20Shuttle%20external%20tank	0.0213
map                   	enwiki:Sprint%20car%20racing	0.8333
map                   	enwiki:Spur	0.5125
map                   	enwiki:St.%20Xavier's%20Institution	0.0535
map                   	enwiki:Strategic%20Army%20Corps	0.0223
map                   	enwiki:Strategic%20Offensive%20Reductions%20Treaty	0.0417
map                   	enwiki:Structural%20information%20theory	0.0037
map                   	enwiki:Symphony%20No.%201%20(Beethoven)	0.3740
map                   	enwiki:Technical%20support	0.2222
map                   	enwiki:Television%20set	0.1849
map                   	enwiki:Tempel%201	0.7273
map                   	enwiki:Third%20Treaty%20of%20San%20Ildefonso	0.0111
map                   	enwiki:Trap-neuter-return	0.0897
map                   	enwiki:Treadmill	0.4194
map                   	enwiki:Trekboer	0.1818
map                   	enwiki:Triptan	0.0714
map                   	enwiki:Troglitazone	0.7273
map                   	enwiki:Tunnel%20magnetoresistance	0.2153
map                   	enwiki:Urban%20forestry	0.6327
map                   	enwiki:Vajont%20Dam	0.2143
map                   	enwiki:Voltage%20regulation	0.8205
map                   	enwiki:Walla%20Walla%20River	0.8462
map                   	enwiki:Web%20standards	0.2389
map                   	enwiki:Whale%20vocalization	0.5512
map                   	enwiki:Whiteleg%20shrimp	0.5000
map                   	enwiki:Wing%20(military%20aviation%20unit)	0.4000
map                   	enwiki:Wobble%20base%20pair	0.6667
map                   	enwiki:Wolfpack%20(naval%20tactic)	0.5556
map                   	enwiki:Women's%20health	0.3244
map                   	enwiki:Woodgrange%20Park%20railway%20station	0.2500
map                   	enwiki:Workers'%20Commissions	0.0602
map                   	enwiki:Zang-fu	0.0000
map                   	all	0.4170
